Removed Pin From Net: NetName=Button_1 Pin=H4-1
Removed Pin From Net: NetName=Button_2 Pin=H4-2
Removed Pin From Net: NetName=Button_3 Pin=H4-3
Removed Pin From Net: NetName=Button_4 Pin=H4-4
Removed Pin From Net: NetName=GND Pin=H4-5
Removed Pin From Net: NetName=Button_1 Pin=U1-7
Removed Pin From Net: NetName=Button_2 Pin=U1-8
Removed Pin From Net: NetName=Button_3 Pin=U1-9
Removed Pin From Net: NetName=Button_4 Pin=U1-10
Removed Pin From Net: NetName=- Pulse Pin=U1-11
Removed Pin From Net: NetName=- Dir Pin=U1-12
Removed Pin From Net: NetName=Limit_SW_1 Pin=U1-13
Removed Pin From Net: NetName=Limit_SW_2 Pin=U1-14
Removed Pin From Net: NetName=+3.3V Pin=U1-18
Removed Pin From Net: NetName=GND Pin=U1-19
Removed Pin From Net: NetName=GND Pin=U1-20
Removed Pin From Net: NetName=Tx Pin=U1-26
Removed Pin From Net: NetName=Rx Pin=U1-27
Removed Pin From Net: NetName=SCL Pin=U1-34
Removed Pin From Net: NetName=SDA Pin=U1-35
Removed Pin From Net: NetName=GND Pin=U1-39
Removed Pin From Net: NetName=+3.3V Pin=U1-40
Add component (AddParameter): Name = "Chung_Loai"; Value = "C?m"; VariantName = "[No Variations]"
Add component (AddParameter): Name = "Don_Vi"; Value = "Con"; VariantName = "[No Variations]"
Add component (AddParameter): Name = "Ghi_Chu"; Value = ""; VariantName = "[No Variations]"
Add component (AddParameter): Name = "Kieu_Chan"; Value = ""; VariantName = "[No Variations]"
Add component (AddParameter): Name = "Ma_Hang"; Value = "MH001308"; VariantName = "[No Variations]"
Add component (AddParameter): Name = "Ten_Linh_Kien"; Value = "Header 5P XH2.54-5P Ð?c Cong"; VariantName = "[No Variations]"
Added Component: Designator=H4(Header 5P DC 2.54)
Add component. Clean all parameters for all variants
Add component (AddParameter): Name = "Chung_Loai"; Value = "C?m"; VariantName = "[No Variations]"
Add component (AddParameter): Name = "Don_Vi"; Value = "Con"; VariantName = "[No Variations]"
Add component (AddParameter): Name = "Ghi_Chu"; Value = ""; VariantName = "[No Variations]"
Add component (AddParameter): Name = "Kieu_Chan"; Value = ""; VariantName = "[No Variations]"
Add component (AddParameter): Name = "Ma_Hang"; Value = "MH001308"; VariantName = "[No Variations]"
Add component (AddParameter): Name = "Ten_Linh_Kien"; Value = "Header 5P XH2.54-5P Ð?c Cong"; VariantName = "[No Variations]"
Added Pin To Net: NetName=GND Pin=H4-1
Added Pin To Net: NetName=Button_1 Pin=H4-2
Added Pin To Net: NetName=Button_2 Pin=H4-3
Added Pin To Net: NetName=Button_3 Pin=H4-4
Added Pin To Net: NetName=Button_4 Pin=H4-5
