Replace Part C5 CAP CER 0.1UF 10V X7R 0603 - C0603C104K8RACTU in D:\5. Project\LAB_COATING_COF\2. PCB\Altium\LAB_COATING COF_MACHINE 1.1\Sche_PheriperalSchDoc.SchDoc with CAP CER 0.1UF 10V X7R 0603 - C0603C104K8RACTU from LAB_COATING COF_MACHINE.SCHLIB
Replace Part C6 CAP CER 0.1UF 10V X7R 0603 - C0603C104K8RACTU in D:\5. Project\LAB_COATING_COF\2. PCB\Altium\LAB_COATING COF_MACHINE 1.1\Sche_PheriperalSchDoc.SchDoc with CAP CER 0.1UF 10V X7R 0603 - C0603C104K8RACTU from LAB_COATING COF_MACHINE.SCHLIB
Replace Part C7 CAP CER 0.1UF 10V X7R 0603 - C0603C104K8RACTU in D:\5. Project\LAB_COATING_COF\2. PCB\Altium\LAB_COATING COF_MACHINE 1.1\Sche_PheriperalSchDoc.SchDoc with CAP CER 0.1UF 10V X7R 0603 - C0603C104K8RACTU from LAB_COATING COF_MACHINE.SCHLIB
Replace Part C8 CAP CER 0.1UF 10V X7R 0603 - C0603C104K8RACTU in D:\5. Project\LAB_COATING_COF\2. PCB\Altium\LAB_COATING COF_MACHINE 1.1\Sche_PheriperalSchDoc.SchDoc with CAP CER 0.1UF 10V X7R 0603 - C0603C104K8RACTU from LAB_COATING COF_MACHINE.SCHLIB
Replace Part D1 DIODE SCHOTTKY 30V 150MA SOT23  - BAT54S in D:\5. Project\LAB_COATING_COF\2. PCB\Altium\LAB_COATING COF_MACHINE 1.1\Sche_PheriperalSchDoc.SchDoc with DIODE SCHOTTKY 30V 150MA SOT23  - BAT54S from LAB_COATING COF_MACHINE.SCHLIB
Replace Part D2 DIODE SCHOTTKY 30V 150MA SOT23  - BAT54S in D:\5. Project\LAB_COATING_COF\2. PCB\Altium\LAB_COATING COF_MACHINE 1.1\Sche_PheriperalSchDoc.SchDoc with DIODE SCHOTTKY 30V 150MA SOT23  - BAT54S from LAB_COATING COF_MACHINE.SCHLIB
Replace Part D3 DIODE SCHOTTKY 30V 150MA SOT23  - BAT54S in D:\5. Project\LAB_COATING_COF\2. PCB\Altium\LAB_COATING COF_MACHINE 1.1\Sche_PheriperalSchDoc.SchDoc with DIODE SCHOTTKY 30V 150MA SOT23  - BAT54S from LAB_COATING COF_MACHINE.SCHLIB
Replace Part D4 DIODE SCHOTTKY 30V 150MA SOT23  - BAT54S in D:\5. Project\LAB_COATING_COF\2. PCB\Altium\LAB_COATING COF_MACHINE 1.1\Sche_PheriperalSchDoc.SchDoc with DIODE SCHOTTKY 30V 150MA SOT23  - BAT54S from LAB_COATING COF_MACHINE.SCHLIB
Replace Part H4 Header 5P 2.54 Duc Cong in D:\5. Project\LAB_COATING_COF\2. PCB\Altium\LAB_COATING COF_MACHINE 1.1\Sche_PheriperalSchDoc.SchDoc with Header 5P 2.54 Duc Cong from LAB_COATING COF_MACHINE.SCHLIB
Replace Part H5 Header 3P 2.54 Duc Cong in D:\5. Project\LAB_COATING_COF\2. PCB\Altium\LAB_COATING COF_MACHINE 1.1\Sche_PheriperalSchDoc.SchDoc with Header 3P 2.54 Duc Cong from LAB_COATING COF_MACHINE.SCHLIB
Replace Part R13 RES SMD 2.2K OHM 5% 1/2W 0805 - ERJ-P06J222V in D:\5. Project\LAB_COATING_COF\2. PCB\Altium\LAB_COATING COF_MACHINE 1.1\Sche_PheriperalSchDoc.SchDoc with RES SMD 2.2K OHM 5% 1/2W 0805 - ERJ-P06J222V from LAB_COATING COF_MACHINE.SCHLIB
Replace Part R14 RES SMD 2.2K OHM 5% 1/2W 0805 - ERJ-P06J222V in D:\5. Project\LAB_COATING_COF\2. PCB\Altium\LAB_COATING COF_MACHINE 1.1\Sche_PheriperalSchDoc.SchDoc with RES SMD 2.2K OHM 5% 1/2W 0805 - ERJ-P06J222V from LAB_COATING COF_MACHINE.SCHLIB
Replace Part R15 RES SMD 2.2K OHM 5% 1/2W 0805 - ERJ-P06J222V in D:\5. Project\LAB_COATING_COF\2. PCB\Altium\LAB_COATING COF_MACHINE 1.1\Sche_PheriperalSchDoc.SchDoc with RES SMD 2.2K OHM 5% 1/2W 0805 - ERJ-P06J222V from LAB_COATING COF_MACHINE.SCHLIB
Replace Part R16 RES SMD 2.2K OHM 5% 1/2W 0805 - ERJ-P06J222V in D:\5. Project\LAB_COATING_COF\2. PCB\Altium\LAB_COATING COF_MACHINE 1.1\Sche_PheriperalSchDoc.SchDoc with RES SMD 2.2K OHM 5% 1/2W 0805 - ERJ-P06J222V from LAB_COATING COF_MACHINE.SCHLIB
Replace Part R17 RES SMD 9.1K OHM 1% 1/10W 0603 - ERJ-3EKF9101V in D:\5. Project\LAB_COATING_COF\2. PCB\Altium\LAB_COATING COF_MACHINE 1.1\Sche_PheriperalSchDoc.SchDoc with RES SMD 9.1K OHM 1% 1/10W 0603 - ERJ-3EKF9101V from LAB_COATING COF_MACHINE.SCHLIB
Replace Part R18 RES SMD 9.1K OHM 1% 1/10W 0603 - ERJ-3EKF9101V in D:\5. Project\LAB_COATING_COF\2. PCB\Altium\LAB_COATING COF_MACHINE 1.1\Sche_PheriperalSchDoc.SchDoc with RES SMD 9.1K OHM 1% 1/10W 0603 - ERJ-3EKF9101V from LAB_COATING COF_MACHINE.SCHLIB
Replace Part R19 RES 4.7K OHM 1% 1/10W 0603 - RC0603FR-074K7L in D:\5. Project\LAB_COATING_COF\2. PCB\Altium\LAB_COATING COF_MACHINE 1.1\Sche_PheriperalSchDoc.SchDoc with RES 4.7K OHM 1% 1/10W 0603 - RC0603FR-074K7L from LAB_COATING COF_MACHINE.SCHLIB
Replace Part R20 RES 4.7K OHM 1% 1/10W 0603 - RC0603FR-074K7L in D:\5. Project\LAB_COATING_COF\2. PCB\Altium\LAB_COATING COF_MACHINE 1.1\Sche_PheriperalSchDoc.SchDoc with RES 4.7K OHM 1% 1/10W 0603 - RC0603FR-074K7L from LAB_COATING COF_MACHINE.SCHLIB
Replace Part R21 RES SMD 100K OHM 1% 1/10W 0402 - ERJ2RKF1003X in D:\5. Project\LAB_COATING_COF\2. PCB\Altium\LAB_COATING COF_MACHINE 1.1\Sche_PheriperalSchDoc.SchDoc with RES SMD 100K OHM 1% 1/10W 0402 - ERJ2RKF1003X from LAB_COATING COF_MACHINE.SCHLIB
Replace Part R22 RES SMD 100K OHM 1% 1/10W 0402 - ERJ2RKF1003X in D:\5. Project\LAB_COATING_COF\2. PCB\Altium\LAB_COATING COF_MACHINE 1.1\Sche_PheriperalSchDoc.SchDoc with RES SMD 100K OHM 1% 1/10W 0402 - ERJ2RKF1003X from LAB_COATING COF_MACHINE.SCHLIB
Replace Part U2 OPTOISOLATOR 5KV TRANS 4SMD - PC817X2NIP0F in D:\5. Project\LAB_COATING_COF\2. PCB\Altium\LAB_COATING COF_MACHINE 1.1\Sche_PheriperalSchDoc.SchDoc with OPTOISOLATOR 5KV TRANS 4SMD - PC817X2NIP0F from LAB_COATING COF_MACHINE.SCHLIB
Replace Part U3 OPTOISOLATOR 5KV TRANS 4SMD - PC817X2NIP0F in D:\5. Project\LAB_COATING_COF\2. PCB\Altium\LAB_COATING COF_MACHINE 1.1\Sche_PheriperalSchDoc.SchDoc with OPTOISOLATOR 5KV TRANS 4SMD - PC817X2NIP0F from LAB_COATING COF_MACHINE.SCHLIB
