Replace Symbol from C1 GRM21BC60J226ME15L in D:\5. Project\LAB_COATING_COF\2. PCB\Altium\LAB_COATING COF_MACHINE 1.1\Sche_MCU_IO.SchDoc with GRM21BC60J226ME15L from CAP_CER_22uF_6.3V_0603.SchLib
Replace Symbol from C2 GMK212BJ104KGHT in D:\5. Project\LAB_COATING_COF\2. PCB\Altium\LAB_COATING COF_MACHINE 1.1\Sche_MCU_IO.SchDoc with GMK212BJ104KGHT from CAP_CER_0.1uF_35V_0805.SchLib
Replace Symbol from C3 GRM21BC60J226ME15L in D:\5. Project\LAB_COATING_COF\2. PCB\Altium\LAB_COATING COF_MACHINE 1.1\Sche_MCU_IO.SchDoc with GRM21BC60J226ME15L from CAP_CER_22uF_6.3V_0603.SchLib
Replace Symbol from C4 GRM21BC60J226ME15L in D:\5. Project\LAB_COATING_COF\2. PCB\Altium\LAB_COATING COF_MACHINE 1.1\Sche_MCU_IO.SchDoc with GRM21BC60J226ME15L from CAP_CER_22uF_6.3V_0603.SchLib
Replace Symbol from H1 Header 4P 2.54 Duc Thang in D:\5. Project\LAB_COATING_COF\2. PCB\Altium\LAB_COATING COF_MACHINE 1.1\Sche_MCU_IO.SchDoc with Header 4P 2.54 Duc Thang from Altium_Lib_by_KhueNguyenCreator.IntLib
Replace Symbol from J1 1546215-4 in D:\5. Project\LAB_COATING_COF\2. PCB\Altium\LAB_COATING COF_MACHINE 1.1\Sche_MCU_IO.SchDoc with 1546215-4 from TER_TerminalBlock_4Pos.SchLib
Replace Symbol from P1 282837-2 in D:\5. Project\LAB_COATING_COF\2. PCB\Altium\LAB_COATING COF_MACHINE 1.1\Sche_MCU_IO.SchDoc with 282837-2 from Con_TerminalBlock_2Pin_5.08mm.SchLib
Replace Symbol from P2 282837-2 in D:\5. Project\LAB_COATING_COF\2. PCB\Altium\LAB_COATING COF_MACHINE 1.1\Sche_MCU_IO.SchDoc with 282837-2 from Con_TerminalBlock_2Pin_5.08mm.SchLib
Replace Symbol from Q1 BCW66GLT1G in D:\5. Project\LAB_COATING_COF\2. PCB\Altium\LAB_COATING COF_MACHINE 1.1\Sche_MCU_IO.SchDoc with BCW66GLT1G from TRANS NPN 45V 800MA SOT-23.SchLib
Replace Symbol from Q2 BCW66GLT1G in D:\5. Project\LAB_COATING_COF\2. PCB\Altium\LAB_COATING COF_MACHINE 1.1\Sche_MCU_IO.SchDoc with BCW66GLT1G from TRANS NPN 45V 800MA SOT-23.SchLib
Replace Symbol from R1 ERJ-P06J202V in D:\5. Project\LAB_COATING_COF\2. PCB\Altium\LAB_COATING COF_MACHINE 1.1\Sche_MCU_IO.SchDoc with ERJ-P06J202V from RES_2.2k_0.5W_0805.SchLib
Replace Symbol from R2 ERJ2RKF1003X in D:\5. Project\LAB_COATING_COF\2. PCB\Altium\LAB_COATING COF_MACHINE 1.1\Sche_MCU_IO.SchDoc with ERJ2RKF1003X from RES_100k_0.1W_0402.SchLib
Replace Symbol from R3 ERJ-3GEYJ102V in D:\5. Project\LAB_COATING_COF\2. PCB\Altium\LAB_COATING COF_MACHINE 1.1\Sche_MCU_IO.SchDoc with ERJ-3GEYJ102V from RES_1k_5%_0.1W_0603.SchLib
Replace Symbol from R4 ERJ3GEYJ103V in D:\5. Project\LAB_COATING_COF\2. PCB\Altium\LAB_COATING COF_MACHINE 1.1\Sche_MCU_IO.SchDoc with ERJ3GEYJ103V from RES_10k_5%_0.1W_0603.SchLib
Replace Symbol from R5 ERJ-P06J202V in D:\5. Project\LAB_COATING_COF\2. PCB\Altium\LAB_COATING COF_MACHINE 1.1\Sche_MCU_IO.SchDoc with ERJ-P06J202V from RES_2.2k_0.5W_0805.SchLib
Replace Symbol from R6 ERJ2RKF1003X in D:\5. Project\LAB_COATING_COF\2. PCB\Altium\LAB_COATING COF_MACHINE 1.1\Sche_MCU_IO.SchDoc with ERJ2RKF1003X from RES_100k_0.1W_0402.SchLib
Replace Symbol from R7 RC0603FR-074K7L in D:\5. Project\LAB_COATING_COF\2. PCB\Altium\LAB_COATING COF_MACHINE 1.1\Sche_MCU_IO.SchDoc with RC0603FR-074K7L from RES_4.7K OHM_1%.SchLib
Replace Symbol from R8 RC0603FR-074K7L in D:\5. Project\LAB_COATING_COF\2. PCB\Altium\LAB_COATING COF_MACHINE 1.1\Sche_MCU_IO.SchDoc with RC0603FR-074K7L from RES_4.7K OHM_1%.SchLib
Replace Symbol from R9 ERJ-3GEYJ102V in D:\5. Project\LAB_COATING_COF\2. PCB\Altium\LAB_COATING COF_MACHINE 1.1\Sche_MCU_IO.SchDoc with ERJ-3GEYJ102V from RES_1k_5%_0.1W_0603.SchLib
Replace Symbol from R10 RC0603FR-074K7L in D:\5. Project\LAB_COATING_COF\2. PCB\Altium\LAB_COATING COF_MACHINE 1.1\Sche_MCU_IO.SchDoc with RC0603FR-074K7L from RES_4.7K OHM_1%.SchLib
Replace Symbol from R11 ERJ3GEYJ103V in D:\5. Project\LAB_COATING_COF\2. PCB\Altium\LAB_COATING COF_MACHINE 1.1\Sche_MCU_IO.SchDoc with ERJ3GEYJ103V from RES_10k_5%_0.1W_0603.SchLib
Replace Symbol from R12 RC0603FR-074K7L in D:\5. Project\LAB_COATING_COF\2. PCB\Altium\LAB_COATING COF_MACHINE 1.1\Sche_MCU_IO.SchDoc with RC0603FR-074K7L from RES_4.7K OHM_1%.SchLib
Replace Symbol from U1 ZC323000 in D:\5. Project\LAB_COATING_COF\2. PCB\Altium\LAB_COATING COF_MACHINE 1.1\Sche_MCU_IO.SchDoc with ZC323000 from STM32F103C8T6_BluePill.SchLib
