Replace Part C5 C0603C104K8RACTU_1K in D:\5. Project\LAB_COATING_COF\2. PCB\Altium\LAB_COATING COF_MACHINE 1.1\Sche_PheriperalSchDoc.SchDoc with C0603C104K8RACTU_1K from CAP_CER_0.1uF_10V_0603.SchLib
Replace Part C6 C0603C104K8RACTU_1K in D:\5. Project\LAB_COATING_COF\2. PCB\Altium\LAB_COATING COF_MACHINE 1.1\Sche_PheriperalSchDoc.SchDoc with C0603C104K8RACTU_1K from CAP_CER_0.1uF_10V_0603.SchLib
Replace Part C7 C0603C104K8RACTU_1K in D:\5. Project\LAB_COATING_COF\2. PCB\Altium\LAB_COATING COF_MACHINE 1.1\Sche_PheriperalSchDoc.SchDoc with C0603C104K8RACTU_1K from CAP_CER_0.1uF_10V_0603.SchLib
Replace Part C8 C0603C104K8RACTU_1K in D:\5. Project\LAB_COATING_COF\2. PCB\Altium\LAB_COATING COF_MACHINE 1.1\Sche_PheriperalSchDoc.SchDoc with C0603C104K8RACTU_1K from CAP_CER_0.1uF_10V_0603.SchLib
Replace Part D1 BAT54S in D:\5. Project\LAB_COATING_COF\2. PCB\Altium\LAB_COATING COF_MACHINE 1.1\Sche_PheriperalSchDoc.SchDoc with BAT54S from DIODE_Schottky_BAT54S.SchLib
Replace Part D2 BAT54S in D:\5. Project\LAB_COATING_COF\2. PCB\Altium\LAB_COATING COF_MACHINE 1.1\Sche_PheriperalSchDoc.SchDoc with BAT54S from DIODE_Schottky_BAT54S.SchLib
Replace Part D3 BAT54S in D:\5. Project\LAB_COATING_COF\2. PCB\Altium\LAB_COATING COF_MACHINE 1.1\Sche_PheriperalSchDoc.SchDoc with BAT54S from DIODE_Schottky_BAT54S.SchLib
Replace Part D4 BAT54S in D:\5. Project\LAB_COATING_COF\2. PCB\Altium\LAB_COATING COF_MACHINE 1.1\Sche_PheriperalSchDoc.SchDoc with BAT54S from DIODE_Schottky_BAT54S.SchLib
Replace Part P3 282837-2 in D:\5. Project\LAB_COATING_COF\2. PCB\Altium\LAB_COATING COF_MACHINE 1.1\Sche_PheriperalSchDoc.SchDoc with 282837-2 from Con_TerminalBlock_2Pin_5.08mm.SchLib
Replace Part P4 282837-2 in D:\5. Project\LAB_COATING_COF\2. PCB\Altium\LAB_COATING COF_MACHINE 1.1\Sche_PheriperalSchDoc.SchDoc with 282837-2 from Con_TerminalBlock_2Pin_5.08mm.SchLib
Replace Part P5 282837-2 in D:\5. Project\LAB_COATING_COF\2. PCB\Altium\LAB_COATING COF_MACHINE 1.1\Sche_PheriperalSchDoc.SchDoc with 282837-2 from Con_TerminalBlock_2Pin_5.08mm.SchLib
Replace Part P6 282837-2 in D:\5. Project\LAB_COATING_COF\2. PCB\Altium\LAB_COATING COF_MACHINE 1.1\Sche_PheriperalSchDoc.SchDoc with 282837-2 from Con_TerminalBlock_2Pin_5.08mm.SchLib
Replace Part P7 282837-2 in D:\5. Project\LAB_COATING_COF\2. PCB\Altium\LAB_COATING COF_MACHINE 1.1\Sche_PheriperalSchDoc.SchDoc with 282837-2 from Con_TerminalBlock_2Pin_5.08mm.SchLib
Replace Part P8 282837-2 in D:\5. Project\LAB_COATING_COF\2. PCB\Altium\LAB_COATING COF_MACHINE 1.1\Sche_PheriperalSchDoc.SchDoc with 282837-2 from Con_TerminalBlock_2Pin_5.08mm.SchLib
Replace Part R13 ERJ-P06J202V in D:\5. Project\LAB_COATING_COF\2. PCB\Altium\LAB_COATING COF_MACHINE 1.1\Sche_PheriperalSchDoc.SchDoc with ERJ-P06J202V from RES_2.2k_0.5W_0805.SchLib
Replace Part R14 ERJ-P06J202V in D:\5. Project\LAB_COATING_COF\2. PCB\Altium\LAB_COATING COF_MACHINE 1.1\Sche_PheriperalSchDoc.SchDoc with ERJ-P06J202V from RES_2.2k_0.5W_0805.SchLib
Replace Part R15 ERJ-P06J202V in D:\5. Project\LAB_COATING_COF\2. PCB\Altium\LAB_COATING COF_MACHINE 1.1\Sche_PheriperalSchDoc.SchDoc with ERJ-P06J202V from RES_2.2k_0.5W_0805.SchLib
Replace Part R16 ERJ-P06J202V in D:\5. Project\LAB_COATING_COF\2. PCB\Altium\LAB_COATING COF_MACHINE 1.1\Sche_PheriperalSchDoc.SchDoc with ERJ-P06J202V from RES_2.2k_0.5W_0805.SchLib
Replace Part R17 RC0603FR-074K7L in D:\5. Project\LAB_COATING_COF\2. PCB\Altium\LAB_COATING COF_MACHINE 1.1\Sche_PheriperalSchDoc.SchDoc with RC0603FR-074K7L from RES_4.7K OHM_1%.SchLib
Replace Part R18 RC0603FR-074K7L in D:\5. Project\LAB_COATING_COF\2. PCB\Altium\LAB_COATING COF_MACHINE 1.1\Sche_PheriperalSchDoc.SchDoc with RC0603FR-074K7L from RES_4.7K OHM_1%.SchLib
Replace Part R19 RC0603FR-074K7L in D:\5. Project\LAB_COATING_COF\2. PCB\Altium\LAB_COATING COF_MACHINE 1.1\Sche_PheriperalSchDoc.SchDoc with RC0603FR-074K7L from RES_4.7K OHM_1%.SchLib
Replace Part R20 RC0603FR-074K7L in D:\5. Project\LAB_COATING_COF\2. PCB\Altium\LAB_COATING COF_MACHINE 1.1\Sche_PheriperalSchDoc.SchDoc with RC0603FR-074K7L from RES_4.7K OHM_1%.SchLib
Replace Part R21 ERJ2RKF1003X in D:\5. Project\LAB_COATING_COF\2. PCB\Altium\LAB_COATING COF_MACHINE 1.1\Sche_PheriperalSchDoc.SchDoc with ERJ2RKF1003X from RES_100k_0.1W_0402.SchLib
Replace Part R22 ERJ2RKF1003X in D:\5. Project\LAB_COATING_COF\2. PCB\Altium\LAB_COATING COF_MACHINE 1.1\Sche_PheriperalSchDoc.SchDoc with ERJ2RKF1003X from RES_100k_0.1W_0402.SchLib
Replace Part U2 PC817X2NIP0F in D:\5. Project\LAB_COATING_COF\2. PCB\Altium\LAB_COATING COF_MACHINE 1.1\Sche_PheriperalSchDoc.SchDoc with PC817X2NIP0F from OPTO_PC817X2NIP0F.SchLib
Replace Part U3 PC817X2NIP0F in D:\5. Project\LAB_COATING_COF\2. PCB\Altium\LAB_COATING COF_MACHINE 1.1\Sche_PheriperalSchDoc.SchDoc with PC817X2NIP0F from OPTO_PC817X2NIP0F.SchLib
