Replace Symbol from C5 C0603C104K8RACTU_1K in D:\5. Project\LAB_COATING_COF\2. PCB\Altium\LAB_COATING COF_MACHINE 1.1\Sche_PheriperalSchDoc.SchDoc with C0603C104K8RACTU_1K from CAP_CER_0.1uF_10V_0603.SchLib
Replace Symbol from C6 C0603C104K8RACTU_1K in D:\5. Project\LAB_COATING_COF\2. PCB\Altium\LAB_COATING COF_MACHINE 1.1\Sche_PheriperalSchDoc.SchDoc with C0603C104K8RACTU_1K from CAP_CER_0.1uF_10V_0603.SchLib
Replace Symbol from C7 C0603C104K8RACTU_1K in D:\5. Project\LAB_COATING_COF\2. PCB\Altium\LAB_COATING COF_MACHINE 1.1\Sche_PheriperalSchDoc.SchDoc with C0603C104K8RACTU_1K from CAP_CER_0.1uF_10V_0603.SchLib
Replace Symbol from C8 C0603C104K8RACTU_1K in D:\5. Project\LAB_COATING_COF\2. PCB\Altium\LAB_COATING COF_MACHINE 1.1\Sche_PheriperalSchDoc.SchDoc with C0603C104K8RACTU_1K from CAP_CER_0.1uF_10V_0603.SchLib
Replace Symbol from P3 282837-2 in D:\5. Project\LAB_COATING_COF\2. PCB\Altium\LAB_COATING COF_MACHINE 1.1\Sche_PheriperalSchDoc.SchDoc with 282837-2 from Con_TerminalBlock_2Pin_5.08mm.SchLib
Replace Symbol from P4 282837-2 in D:\5. Project\LAB_COATING_COF\2. PCB\Altium\LAB_COATING COF_MACHINE 1.1\Sche_PheriperalSchDoc.SchDoc with 282837-2 from Con_TerminalBlock_2Pin_5.08mm.SchLib
Replace Symbol from P5 282837-2 in D:\5. Project\LAB_COATING_COF\2. PCB\Altium\LAB_COATING COF_MACHINE 1.1\Sche_PheriperalSchDoc.SchDoc with 282837-2 from Con_TerminalBlock_2Pin_5.08mm.SchLib
Replace Symbol from P6 282837-2 in D:\5. Project\LAB_COATING_COF\2. PCB\Altium\LAB_COATING COF_MACHINE 1.1\Sche_PheriperalSchDoc.SchDoc with 282837-2 from Con_TerminalBlock_2Pin_5.08mm.SchLib
Replace Symbol from P7 282837-2 in D:\5. Project\LAB_COATING_COF\2. PCB\Altium\LAB_COATING COF_MACHINE 1.1\Sche_PheriperalSchDoc.SchDoc with 282837-2 from Con_TerminalBlock_2Pin_5.08mm.SchLib
Replace Symbol from P8 282837-2 in D:\5. Project\LAB_COATING_COF\2. PCB\Altium\LAB_COATING COF_MACHINE 1.1\Sche_PheriperalSchDoc.SchDoc with 282837-2 from Con_TerminalBlock_2Pin_5.08mm.SchLib
Replace Symbol from R13 ERJ-P06J202V in D:\5. Project\LAB_COATING_COF\2. PCB\Altium\LAB_COATING COF_MACHINE 1.1\Sche_PheriperalSchDoc.SchDoc with ERJ-P06J202V from RES_2.2k_0.5W_0805.SchLib
Replace Symbol from R14 ERJ-P06J202V in D:\5. Project\LAB_COATING_COF\2. PCB\Altium\LAB_COATING COF_MACHINE 1.1\Sche_PheriperalSchDoc.SchDoc with ERJ-P06J202V from RES_2.2k_0.5W_0805.SchLib
Replace Symbol from R15 ERJ-P06J202V in D:\5. Project\LAB_COATING_COF\2. PCB\Altium\LAB_COATING COF_MACHINE 1.1\Sche_PheriperalSchDoc.SchDoc with ERJ-P06J202V from RES_2.2k_0.5W_0805.SchLib
Replace Symbol from R16 ERJ-P06J202V in D:\5. Project\LAB_COATING_COF\2. PCB\Altium\LAB_COATING COF_MACHINE 1.1\Sche_PheriperalSchDoc.SchDoc with ERJ-P06J202V from RES_2.2k_0.5W_0805.SchLib
Replace Symbol from R17 RC0603FR-074K7L in D:\5. Project\LAB_COATING_COF\2. PCB\Altium\LAB_COATING COF_MACHINE 1.1\Sche_PheriperalSchDoc.SchDoc with RC0603FR-074K7L from RES_4.7K OHM_1%.SchLib
Replace Symbol from R18 RC0603FR-074K7L in D:\5. Project\LAB_COATING_COF\2. PCB\Altium\LAB_COATING COF_MACHINE 1.1\Sche_PheriperalSchDoc.SchDoc with RC0603FR-074K7L from RES_4.7K OHM_1%.SchLib
Replace Symbol from R19 RC0603FR-074K7L in D:\5. Project\LAB_COATING_COF\2. PCB\Altium\LAB_COATING COF_MACHINE 1.1\Sche_PheriperalSchDoc.SchDoc with RC0603FR-074K7L from RES_4.7K OHM_1%.SchLib
Replace Symbol from R20 RC0603FR-074K7L in D:\5. Project\LAB_COATING_COF\2. PCB\Altium\LAB_COATING COF_MACHINE 1.1\Sche_PheriperalSchDoc.SchDoc with RC0603FR-074K7L from RES_4.7K OHM_1%.SchLib
Replace Symbol from R21 ERJ2RKF1003X in D:\5. Project\LAB_COATING_COF\2. PCB\Altium\LAB_COATING COF_MACHINE 1.1\Sche_PheriperalSchDoc.SchDoc with ERJ2RKF1003X from RES_100k_0.1W_0402.SchLib
Replace Symbol from R22 ERJ2RKF1003X in D:\5. Project\LAB_COATING_COF\2. PCB\Altium\LAB_COATING COF_MACHINE 1.1\Sche_PheriperalSchDoc.SchDoc with ERJ2RKF1003X from RES_100k_0.1W_0402.SchLib
Replace Symbol from U2 PC817X2NIP0F in D:\5. Project\LAB_COATING_COF\2. PCB\Altium\LAB_COATING COF_MACHINE 1.1\Sche_PheriperalSchDoc.SchDoc with PC817X2NIP0F from OPTO_PC817X2NIP0F.SchLib
Replace Symbol from U3 PC817X2NIP0F in D:\5. Project\LAB_COATING_COF\2. PCB\Altium\LAB_COATING COF_MACHINE 1.1\Sche_PheriperalSchDoc.SchDoc with PC817X2NIP0F from OPTO_PC817X2NIP0F.SchLib
