Replace Part C1 CAP CER 22UF 6.3V X5R 0603 - GRM188R60J226MEA0D in D:\5. Project\LAB_COATING_COF\2. PCB\Altium\LAB_COATING COF_MACHINE 1.1\Sche_MCU_IO.SchDoc with CAP CER 22UF 6.3V X5R 0603 - GRM188R60J226MEA0D from LAB_COATING COF_MACHINE.SCHLIB
Replace Part C2 CAP CER 22UF 6.3V X5R 0603 - GRM188R60J226MEA0D in D:\5. Project\LAB_COATING_COF\2. PCB\Altium\LAB_COATING COF_MACHINE 1.1\Sche_MCU_IO.SchDoc with CAP CER 22UF 6.3V X5R 0603 - GRM188R60J226MEA0D from LAB_COATING COF_MACHINE.SCHLIB
Replace Part C3 CAP CER 22UF 6.3V X5R 0603 - GRM188R60J226MEA0D in D:\5. Project\LAB_COATING_COF\2. PCB\Altium\LAB_COATING COF_MACHINE 1.1\Sche_MCU_IO.SchDoc with CAP CER 22UF 6.3V X5R 0603 - GRM188R60J226MEA0D from LAB_COATING COF_MACHINE.SCHLIB
Replace Part C4 CAP CER 22UF 6.3V X5R 0603 - GRM188R60J226MEA0D in D:\5. Project\LAB_COATING_COF\2. PCB\Altium\LAB_COATING COF_MACHINE 1.1\Sche_MCU_IO.SchDoc with CAP CER 22UF 6.3V X5R 0603 - GRM188R60J226MEA0D from LAB_COATING COF_MACHINE.SCHLIB
Replace Part H1 Header 2P 2.54 Duc Cong in D:\5. Project\LAB_COATING_COF\2. PCB\Altium\LAB_COATING COF_MACHINE 1.1\Sche_MCU_IO.SchDoc with Header 2P 2.54 Duc Cong from LAB_COATING COF_MACHINE.SCHLIB
Replace Part H3 Header 2P 2.54 Duc Cong in D:\5. Project\LAB_COATING_COF\2. PCB\Altium\LAB_COATING COF_MACHINE 1.1\Sche_MCU_IO.SchDoc with Header 2P 2.54 Duc Cong from LAB_COATING COF_MACHINE.SCHLIB
Replace Part Q1 TRANS NPN 45V 0.8A SOT23-3 - BCW66GLT1G in D:\5. Project\LAB_COATING_COF\2. PCB\Altium\LAB_COATING COF_MACHINE 1.1\Sche_MCU_IO.SchDoc with TRANS NPN 45V 0.8A SOT23-3 - BCW66GLT1G from LAB_COATING COF_MACHINE.SCHLIB
Replace Part Q2 TRANS NPN 45V 0.8A SOT23-3 - BCW66GLT1G in D:\5. Project\LAB_COATING_COF\2. PCB\Altium\LAB_COATING COF_MACHINE 1.1\Sche_MCU_IO.SchDoc with TRANS NPN 45V 0.8A SOT23-3 - BCW66GLT1G from LAB_COATING COF_MACHINE.SCHLIB
Replace Part R1 RES SMD 2.2K OHM 5% 1/2W 0805 - ERJ-P06J222V in D:\5. Project\LAB_COATING_COF\2. PCB\Altium\LAB_COATING COF_MACHINE 1.1\Sche_MCU_IO.SchDoc with RES SMD 2.2K OHM 5% 1/2W 0805 - ERJ-P06J222V from LAB_COATING COF_MACHINE.SCHLIB
Replace Part R2 RES SMD 100K OHM 1% 1/10W 0603 - CRCW0603100KFKEA in D:\5. Project\LAB_COATING_COF\2. PCB\Altium\LAB_COATING COF_MACHINE 1.1\Sche_MCU_IO.SchDoc with RES SMD 100K OHM 1% 1/10W 0603 - CRCW0603100KFKEA from LAB_COATING COF_MACHINE.SCHLIB
Replace Part R3 RES SMD 1K OHM 5% 1/10W 0603 - ERJ-3GEYJ102V in D:\5. Project\LAB_COATING_COF\2. PCB\Altium\LAB_COATING COF_MACHINE 1.1\Sche_MCU_IO.SchDoc with RES SMD 1K OHM 5% 1/10W 0603 - ERJ-3GEYJ102V from LAB_COATING COF_MACHINE.SCHLIB
Replace Part R4 RES SMD 10K OHM 5% 1/10W 0603 - ERJ3GEYJ103V in D:\5. Project\LAB_COATING_COF\2. PCB\Altium\LAB_COATING COF_MACHINE 1.1\Sche_MCU_IO.SchDoc with RES SMD 10K OHM 5% 1/10W 0603 - ERJ3GEYJ103V from LAB_COATING COF_MACHINE.SCHLIB
Replace Part R5 RES SMD 2.2K OHM 5% 1/2W 0805 - ERJ-P06J222V in D:\5. Project\LAB_COATING_COF\2. PCB\Altium\LAB_COATING COF_MACHINE 1.1\Sche_MCU_IO.SchDoc with RES SMD 2.2K OHM 5% 1/2W 0805 - ERJ-P06J222V from LAB_COATING COF_MACHINE.SCHLIB
Replace Part R6 RES SMD 100K OHM 1% 1/10W 0603 - CRCW0603100KFKEA in D:\5. Project\LAB_COATING_COF\2. PCB\Altium\LAB_COATING COF_MACHINE 1.1\Sche_MCU_IO.SchDoc with RES SMD 100K OHM 1% 1/10W 0603 - CRCW0603100KFKEA from LAB_COATING COF_MACHINE.SCHLIB
Replace Part R7 RES 4.7K OHM 1% 1/10W 0603 - RC0603FR-074K7L in D:\5. Project\LAB_COATING_COF\2. PCB\Altium\LAB_COATING COF_MACHINE 1.1\Sche_MCU_IO.SchDoc with RES 4.7K OHM 1% 1/10W 0603 - RC0603FR-074K7L from LAB_COATING COF_MACHINE.SCHLIB
Replace Part R8 RES 4.7K OHM 1% 1/10W 0603 - RC0603FR-074K7L in D:\5. Project\LAB_COATING_COF\2. PCB\Altium\LAB_COATING COF_MACHINE 1.1\Sche_MCU_IO.SchDoc with RES 4.7K OHM 1% 1/10W 0603 - RC0603FR-074K7L from LAB_COATING COF_MACHINE.SCHLIB
Replace Part R9 RES SMD 1K OHM 5% 1/10W 0603 - ERJ-3GEYJ102V in D:\5. Project\LAB_COATING_COF\2. PCB\Altium\LAB_COATING COF_MACHINE 1.1\Sche_MCU_IO.SchDoc with RES SMD 1K OHM 5% 1/10W 0603 - ERJ-3GEYJ102V from LAB_COATING COF_MACHINE.SCHLIB
Replace Part R10 RES 4.7K OHM 1% 1/10W 0603 - RC0603FR-074K7L in D:\5. Project\LAB_COATING_COF\2. PCB\Altium\LAB_COATING COF_MACHINE 1.1\Sche_MCU_IO.SchDoc with RES 4.7K OHM 1% 1/10W 0603 - RC0603FR-074K7L from LAB_COATING COF_MACHINE.SCHLIB
Replace Part R11 RES SMD 10K OHM 5% 1/10W 0603 - ERJ3GEYJ103V in D:\5. Project\LAB_COATING_COF\2. PCB\Altium\LAB_COATING COF_MACHINE 1.1\Sche_MCU_IO.SchDoc with RES SMD 10K OHM 5% 1/10W 0603 - ERJ3GEYJ103V from LAB_COATING COF_MACHINE.SCHLIB
Replace Part R12 RES 4.7K OHM 1% 1/10W 0603 - RC0603FR-074K7L in D:\5. Project\LAB_COATING_COF\2. PCB\Altium\LAB_COATING COF_MACHINE 1.1\Sche_MCU_IO.SchDoc with RES 4.7K OHM 1% 1/10W 0603 - RC0603FR-074K7L from LAB_COATING COF_MACHINE.SCHLIB
Replace Part U1 MODULE STM32F103C8T6 - ZC323000 in D:\5. Project\LAB_COATING_COF\2. PCB\Altium\LAB_COATING COF_MACHINE 1.1\Sche_MCU_IO.SchDoc with MODULE STM32F103C8T6 - ZC323000 from LAB_COATING COF_MACHINE.SCHLIB
